<?xml version="1.0" encoding="UTF-8"?>
<!-- Generated by org.testng.reporters.JUnitReportReporter -->
<testsuite hostname="user1" name="iosipov.pages.ActionsTest" tests="1" failures="0" timestamp="4 May 2015 16:36:57 GMT" time="33.975" errors="0">
  <testcase name="addTest" time="33.975" classname="iosipov.pages.ActionsTest"/>
</testsuite> <!-- iosipov.pages.ActionsTest -->
